<?xml version="1.0" encoding="UTF-8"?>
<coverage generated="1640006993714" clover="3.2.0">
  <project timestamp="1640006993714" name="All files">
    <metrics statements="9" coveredstatements="9" conditionals="2" coveredconditionals="1" methods="7" coveredmethods="7" elements="18" coveredelements="17" complexity="0" loc="9" ncloc="9" packages="2" files="2" classes="2"/>
    <package name="51-Testing-Jest">
      <metrics statements="5" coveredstatements="5" conditionals="0" coveredconditionals="0" methods="1" coveredmethods="1"/>
      <file name="cities.js" path="/home/usuario/PROGRAMACION/JAVASCRIPT/Curso JS Moderno/51-Testing-Jest/cities.js">
        <metrics statements="5" coveredstatements="5" conditionals="0" coveredconditionals="0" methods="1" coveredmethods="1"/>
        <line num="1" count="1" type="stmt"/>
        <line num="10" count="1" type="stmt"/>
        <line num="11" count="2" type="stmt"/>
        <line num="12" count="2" type="stmt"/>
        <line num="15" count="1" type="stmt"/>
      </file>
    </package>
    <package name="51-Testing-Jest.js.classes">
      <metrics statements="4" coveredstatements="4" conditionals="2" coveredconditionals="1" methods="6" coveredmethods="6"/>
      <file name="Citas.js" path="/home/usuario/PROGRAMACION/JAVASCRIPT/Curso JS Moderno/51-Testing-Jest/js/classes/Citas.js">
        <metrics statements="4" coveredstatements="4" conditionals="2" coveredconditionals="1" methods="6" coveredmethods="6"/>
        <line num="4" count="1" type="stmt"/>
        <line num="7" count="1" type="stmt"/>
        <line num="10" count="1" type="cond" truecount="1" falsecount="1"/>
        <line num="14" count="1" type="stmt"/>
      </file>
    </package>
  </project>
</coverage>
