{"/home/usuario/PROGRAMACION/JAVASCRIPT/Curso JS Moderno/51-Testing-Jest/cities.js": {"path":"/home/usuario/PROGRAMACION/JAVASCRIPT/Curso JS Moderno/51-Testing-Jest/cities.js","statementMap":{"0":{"start":{"line":1,"column":15},"end":{"line":8,"column":1}},"1":{"start":{"line":10,"column":19},"end":{"line":13,"column":1}},"2":{"start":{"line":11,"column":16},"end":{"line":11,"column":65}},"3":{"start":{"line":12,"column":1},"end":{"line":12,"column":15}},"4":{"start":{"line":15,"column":0},"end":{"line":15,"column":28}}},"fnMap":{"0":{"name":"(anonymous_0)","decl":{"start":{"line":10,"column":19},"end":{"line":10,"column":20}},"loc":{"start":{"line":10,"column":25},"end":{"line":13,"column":1}},"line":10}},"branchMap":{},"s":{"0":1,"1":1,"2":2,"3":2,"4":1},"f":{"0":2},"b":{},"_coverageSchema":"1a1c01bbd47fc00a2c39e90264f33305004495a9","hash":"54f208080b59f9c7d084d288d089e2b8edfcc3b2"}
,"/home/usuario/PROGRAMACION/JAVASCRIPT/Curso JS Moderno/51-Testing-Jest/js/classes/Citas.js": {"path":"/home/usuario/PROGRAMACION/JAVASCRIPT/Curso JS Moderno/51-Testing-Jest/js/classes/Citas.js","statementMap":{"0":{"start":{"line":4,"column":8},"end":{"line":4,"column":23}},"1":{"start":{"line":7,"column":8},"end":{"line":7,"column":43}},"2":{"start":{"line":10,"column":8},"end":{"line":10,"column":101}},"3":{"start":{"line":10,"column":45},"end":{"line":10,"column":100}},"4":{"start":{"line":14,"column":8},"end":{"line":14,"column":64}},"5":{"start":{"line":14,"column":48},"end":{"line":14,"column":62}}},"fnMap":{"0":{"name":"(anonymous_0)","decl":{"start":{"line":3,"column":4},"end":{"line":3,"column":5}},"loc":{"start":{"line":3,"column":18},"end":{"line":5,"column":5}},"line":3},"1":{"name":"(anonymous_1)","decl":{"start":{"line":6,"column":4},"end":{"line":6,"column":5}},"loc":{"start":{"line":6,"column":22},"end":{"line":8,"column":5}},"line":6},"2":{"name":"(anonymous_2)","decl":{"start":{"line":9,"column":4},"end":{"line":9,"column":5}},"loc":{"start":{"line":9,"column":32},"end":{"line":11,"column":5}},"line":9},"3":{"name":"(anonymous_3)","decl":{"start":{"line":10,"column":37},"end":{"line":10,"column":38}},"loc":{"start":{"line":10,"column":45},"end":{"line":10,"column":100}},"line":10},"4":{"name":"(anonymous_4)","decl":{"start":{"line":13,"column":4},"end":{"line":13,"column":5}},"loc":{"start":{"line":13,"column":21},"end":{"line":15,"column":5}},"line":13},"5":{"name":"(anonymous_5)","decl":{"start":{"line":14,"column":40},"end":{"line":14,"column":41}},"loc":{"start":{"line":14,"column":48},"end":{"line":14,"column":62}},"line":14}},"branchMap":{"0":{"loc":{"start":{"line":10,"column":45},"end":{"line":10,"column":100}},"type":"cond-expr","locations":[{"start":{"line":10,"column":78},"end":{"line":10,"column":93}},{"start":{"line":10,"column":96},"end":{"line":10,"column":100}}],"line":10}},"s":{"0":1,"1":1,"2":1,"3":1,"4":1,"5":1},"f":{"0":1,"1":1,"2":1,"3":1,"4":1,"5":1},"b":{"0":[1,0]},"_coverageSchema":"1a1c01bbd47fc00a2c39e90264f33305004495a9","hash":"72c8fdbedcce6d03f08203a4230942c4cc18318f"}
}
